Unity Player [version: Unity 4.6.0b7_9b609a5a865e]

NativeSpoutPlugin.dll caused an Access Violation (0xc0000005)
  in module NativeSpoutPlugin.dll at 0023:57305db1.

Error occurred at 2014-05-31_125348.
D:\Documents\Perso\Projects\Unity\UnityPlugins\SpoutPlugin\UnitySpoutDemo\Export\UnityRenderTextureDX11.exe, run by Ben Kuper.
25% memory in use.
0 MB physical memory [0 MB free].
0 MB paging file [0 MB free].
0 MB user address space [3820 MB free].
Read from location 00000000 caused an access violation.

Context:
EDI:    0x0091f9f8  ESI: 0x0091f8d0  EAX:   0x0091f9b8
EBX:    0x0475e5e8  ECX: 0x00000000  EDX:   0x00a42a88
EIP:    0x57305db1  EBP: 0x0091f9f8  SegCs: 0x00000023
EFlags: 0x00010202  ESP: 0x0091f8cc  SegSs: 0x0000002b

Bytes at CS:EIP:
8b 11 8b 45 08 50 8b 4a 28 ff d1 3b f4 e8 3b b9 

Stack:
0x0091f8cc: 0091f9b8 00000000 09c23da0 0475e5e8 .........=....u.
0x0091f8dc: cccccccc cccccccc cccccccc cccccccc ................
0x0091f8ec: cccccccc cccccccc cccccccc cccccccc ................
0x0091f8fc: cccccccc cccccccc cccccccc cccccccc ................
0x0091f90c: cccccccc cccccccc cccccccc cccccccc ................
0x0091f91c: cccccccc cccccccc cccccccc cccccccc ................
0x0091f92c: cccccccc cccccccc cccccccc cccccccc ................
0x0091f93c: cccccccc cccccccc cccccccc cccccccc ................
0x0091f94c: cccccccc cccccccc cccccccc cccccccc ................
0x0091f95c: cccccccc cccccccc cccccccc cccccccc ................
0x0091f96c: cccccccc cccccccc cccccccc cccccccc ................
0x0091f97c: cccccccc cccccccc cccccccc cccccccc ................
0x0091f98c: cccccccc cccccccc cccccccc cccccccc ................
0x0091f99c: cccccccc cccccccc cccccccc cccccccc ................
0x0091f9ac: cccccccc cccccccc cccccccc cccccccc ................
0x0091f9bc: cccccccc cccccccc cccccccc cccccccc ................
0x0091f9cc: cccccccc cccccccc cccccccc cccccccc ................
0x0091f9dc: cccccccc cccccccc cccccccc cccccccc ................
0x0091f9ec: cccccccc cccccccc 211d79ef 0091fa38 .........y.!8...
0x0091f9fc: 04763730 00000000 030ecf00 09c23da0 07v..........=..
0x0091fa0c: 0091fa58 0091fa38 00a42a88 00a42a30 X...8....*..0*..
0x0091fa1c: 09c23da0 04763719 0475e5e8 030ecf00 .=...7v...u.....
0x0091fa2c: 09c23da0 0091fa38 0476370c 0091fa58 .=..8....7v.X...
0x0091fa3c: 04763592 00000000 0475e5e8 0091fa4c .5v.......u.L...
0x0091fa4c: 0091fa88 09c23da0 030ecf00 0091fa88 .....=..........
0x0091fa5c: 04762a59 03100f40 03100f10 09bb6c00 Y*v.@........l..
0x0091fa6c: 030e4f08 030e4e70 00000200 00000200 .O..pN..........
0x0091fa7c: 03100f10 00000200 0091fbd4 0091facc ................
0x0091fa8c: 0475e629 030ecf00 0091fab4 10110232 ).u.........2...
0x0091fa9c: 00a40000 00000000 0000000c 00000000 ................
0x0091faac: 03ff0880 00000000 00000000 10001d4c ............L...
0x0091fabc: 0000000c 09c78388 03ff0a50 09c23da0 ........P....=..
0x0091facc: 0091fafc 100eff35 030ecf00 00000000 ....5...........
0x0091fadc: 0091fbd4 04762958 00010000 07a7e4f0 ....X)v.........
0x0091faec: 09c78388 00000000 030e4e70 00000000 ........pN......
0x0091fafc: 0091fb20 1005d6d8 09c78388 030ecf00  ...............
0x0091fb0c: 00000000 0091fbd4 030ecf00 00000000 ................
0x0091fb1c: 07a7e4f0 0091fb98 01126f94 09c78388 .........o......
0x0091fb2c: 030ecf00 00000000 0091fbd4 07a7e4f0 ................
0x0091fb3c: 07a98690 030ecf00 00051490 0000000f ................
0x0091fb4c: 00000000 00000000 00000000 00000000 ................
0x0091fb5c: 031f2878 031ab024 0091fb7c 031f1bb0 x(..$...|.......
0x0091fb6c: 031ab024 0091fb88 0145aece 031f1bb0 $.........E.....
0x0091fb7c: 0319304c 031f1bb8 07a46444 07a44024 L0......Dd..$@..
0x0091fb8c: 030ecf00 07a98690 07a46444 0091fbd8 ........Dd......
0x0091fb9c: 011272c8 07a7e4f0 00000000 0091fbd4 .r..............
0x0091fbac: 031f0578 07a98690 00000000 031f0578 x...........x...
0x0091fbbc: 031abdc4 0000277a 00000000 0091fbec ....z'..........
0x0091fbcc: 0110e522 04a56330 00000000 0091fbec "...0c..........
0x0091fbdc: 0112761f 07a7e4f0 00000000 00000000 .v..............
0x0091fbec: 0091fc58 0110ec4e 07a98690 00000000 X...N...........
0x0091fbfc: 10fbf08c 00000065 00000000 031abdc4 ....e...........
0x0091fc0c: 04aa9b28 04aa9cc0 031abdc4 04aa9cc0 (...............
0x0091fc1c: 04aa9cc0 01176aae 3ca3d70a 04a0c250 .....j.....<P...
0x0091fc2c: 77c8740a 04a0c314 00000000 3ca3d70a .t.w...........<
0x0091fc3c: 04a56288 00000001 00000000 011275e0 .b...........u..
0x0091fc4c: 07a98690 00000000 031f0550 0091fd18 ........P.......
0x0091fc5c: 0119decb 00000004 00000000 00000000 ................
0x0091fc6c: 768798c0 00000018 00000000 00000000 ...v............
0x0091fc7c: 00000000 75f58ccc 000001e2 0091fcec .......u........
0x0091fc8c: 0103f246 0091fcec 01176e77 00000001 F.......wn......
0x0091fc9c: 0103f252 00000000 77c6f2a0 01cc4d10 R..........w.M..
0x0091fcac: 00000000 0000000f 00000000 00000000 ................
0x0091fcbc: 01212ac0 77c5b9c0 00007ffb 75f59b6c .*!....w....l..u
0x0091fccc: 0091fd34 0c84c37f 768798c0 00000000 4..........v....
0x0091fcdc: 0091fd14 01176e77 00000001 0103f5b2 ....wn..........
0x0091fcec: 768798c0 00000000 00000000 00000000 ...v............
0x0091fcfc: 80000000 0fa00000 01c722f0 00000000 ........."......
0x0091fd0c: 031d75d0 04a0c314 0191fd24 0091fd54 .u......$...T...
0x0091fd1c: 0121308b 00000000 00000001 00000000 .0!.............
0x0091fd2c: 00000010 00000001 00051490 0000000f ................
0x0091fd3c: 00000000 00000000 0b101a01 00000194 ................
0x0091fd4c: 00000134 00000540 0091fe6c 0121489b 4...@...l....H!.
0x0091fd5c: 00000000 00000000 feaaa000 031aca40 ............@...
0x0091fd6c: 03192600 0199a438 7fffffff 00000050 .&..8.......P...
0x0091fd7c: 0000005f 03192600 031ad400 0000000f _....&..........
0x0091fd8c: 0000000f 7fffffff 00000000 0000000f ................
0x0091fd9c: 03191a08 6f6e6f00 6374652f 0091fd00 .....ono/etc....
0x0091fdac: 014c9c79 00000000 0000000f 0000000f y.L.............
0x0091fdbc: 031acfe8 031ad020 031ad020 01a18f18 .... ... .......
0x0091fdcc: 031ac9c4 031905a8 0091fd00 0091fe08 ................
0x0091fddc: 0000006c 0000006f 0199a438 02fd98cc l...o...8.......
0x0091fdec: 031acb38 00000004 0091fd2c 77c6d30c 8.......,......w
0x0091fdfc: 0000007b 0000007f 49656e69 031ad500 {.......ineI....
0x0091fe0c: 00000000 00000000 01875e6c 00000000 ........l^......
0x0091fe1c: 0000000f 0091fe50 00000000 616e614d ....P.......Mana
0x0091fe2c: 00646567 014b7e1b 00000000 00000007 ged..~K.........
0x0091fe3c: 0000000f 014b7e28 02fd98cc 6f6e6f4d ....(~K.....Mono
0x0091fe4c: 6e6f6d2f 6c642e6f 0100006c 0000000d /mono.dll.......
0x0091fe5c: 0000000f 03191a08 00000000 00000000 ................
0x0091fe6c: 0091fe84 0147fa58 01020000 00000000 ....X.G.........
0x0091fe7c: 00b13e56 00000001 0091ff14 014b4950 V>..........PIK.
0x0091fe8c: 01020000 00000000 00b13e56 00000001 ........V>......
0x0091fe9c: 8d648bc8 00000000 00000000 feaaa000 ..d.............
0x0091feac: 00000044 00b1213e 00b1211e 00b12046 D...>!...!..F ..
0x0091febc: 00000000 00000000 00000000 00000000 ................
0x0091fecc: 00000000 00000000 00000000 00000401 ................
0x0091fedc: 00000001 00000000 00000000 00010001 ................
0x0091feec: 00000000 c0000005 00000000 00000000 ................
0x0091fefc: 0091fe9c 0091f2fc 0091ff54 014b6730 ........T...0gK.
0x0091ff0c: 8c5525dc 00000000 0091ff20 7687919f .%U..... ......v
0x0091ff1c: feaaa000 0091ff64 77c7a8cb feaaa000 ....d......w....
0x0091ff2c: 0eaac400 00000000 00000000 feaaa000 ................
0x0091ff3c: c0000005 00000000 0091f2e0 761d952b ............+..v
0x0091ff4c: 0091ff2c 0091f2e0 0091ff6c 77cbaab5 ,.......l......w
0x0091ff5c: 79fc93bc 00000000 0091ff74 77c7a8a1 ...y....t......w
0x0091ff6c: ffffffff 77c6f67a 00000000 00000000 ....z..w........
0x0091ff7c: 014b49a3 feaaa000 00000000 00000000 .IK.............
0x0091ff8c: 00000000 00000000 00000000 00000000 ................
0x0091ff9c: 00000000 00000000 00000000 00000000 ................
0x0091ffac: 00000000 00000000 00000000 00000000 ................
0x0091ffbc: 00000000 00000000 00000000 00000000 ................
0x0091ffcc: 00000000 00000000 00000000 00000000 ................
0x0091ffdc: 00000000 00000000 00000000 00000000 ................
0x0091ffec: 00000000 00000000 00000000 00000000 ................
0x0091fffc: 00000000                            ....

Module 1
C:\Windows\SYSTEM32\xinput1_3.dll
Image Base: 0x00400000  Image Size: 0x00016000
File Size:  81768       File Time:  2007-04-04_185342
Version:
   Company:    Microsoft Corporation
   Product:    Microsoft® DirectX for Windows®
   FileDesc:   Microsoft Common Controller API
   FileVer:    9.18.944.0
   ProdVer:    9.18.944.0

Module 2
D:\Documents\Perso\Projects\Unity\UnityPlugins\SpoutPlugin\UnitySpoutDemo\Export\UnityRenderTextureDX11.exe
Image Base: 0x01020000  Image Size: 0x00ba5000
File Size:  11543040    File Time:  2014-04-08_141832
Version:
   Company:    
   Product:    
   FileDesc:   
   FileVer:    4.6.0.10920
   ProdVer:    4.6.0.10920

Module 3
C:\Windows\system32\nvspcap.dll
Image Base: 0x10000000  Image Size: 0x00109000
File Size:  1081112     File Time:  2014-04-02_152718
Version:
   Company:    NVIDIA Corporation
   Product:    NVIDIA GeForce Experience
   FileDesc:   NVIDIA Capture Server Proxy
   FileVer:    12.4.55.0
   ProdVer:    12.4.55.0

Module 4
D:\Documents\Perso\Projects\Unity\UnityPlugins\SpoutPlugin\UnitySpoutDemo\Export\UnityRenderTextureDX11_Data\Mono\mono.dll
Image Base: 0x10000000  Image Size: 0x0022f000
File Size:  2100736     File Time:  2014-04-04_150902
Version:
   Company:    
   Product:    
   FileDesc:   
   FileVer:    0.0.0.0
   ProdVer:    0.0.0.0

Module 5
C:\Windows\SYSTEM32\MSVCR110D.dll
Image Base: 0x531c0000  Image Size: 0x0019b000
File Size:  1678792     File Time:  2012-07-26_190806
Version:
   Company:    Microsoft Corporation
   Product:    Microsoft® Visual Studio® 2012
   FileDesc:   Microsoft® C Runtime Library
   FileVer:    11.0.50727.1
   ProdVer:    11.0.50727.1

Module 6
C:\Windows\SYSTEM32\nvwgf2um.dll
Image Base: 0x53360000  Image Size: 0x00f04000
File Size:  15783992    File Time:  2014-03-04_163524
Version:
   Company:    NVIDIA Corporation
   Product:    NVIDIA D3D10 drivers
   FileDesc:   NVIDIA D3D10 Driver, Version 335.23 
   FileVer:    9.18.13.3523
   ProdVer:    9.18.13.3523

Module 7
C:\Windows\SYSTEM32\MSVCP110D.dll
Image Base: 0x54a70000  Image Size: 0x000cb000
File Size:  821200      File Time:  2012-07-26_190806
Version:
   Company:    Microsoft Corporation
   Product:    Microsoft® Visual Studio® 2012
   FileDesc:   Microsoft® C Runtime Library
   FileVer:    11.0.50727.1
   ProdVer:    11.0.50727.1

Module 8
D:\Documents\Perso\Projects\Unity\UnityPlugins\SpoutPlugin\UnitySpoutDemo\Export\UnityRenderTextureDX11_Data\Plugins\NativeSpoutPlugin.dll
Image Base: 0x572e0000  Image Size: 0x0003a000
File Size:  153600      File Time:  2014-05-31_125318
Version:
   Company:    
   Product:    
   FileDesc:   
   FileVer:    0.0.0.0
   ProdVer:    0.0.0.0

Module 9
C:\Windows\SYSTEM32\midimap.dll
Image Base: 0x6b740000  Image Size: 0x00008000
File Size:  18944       File Time:  2013-08-22_060412
Version:
   Company:    Microsoft Corporation
   Product:    Microsoft® Windows® Operating System
   FileDesc:   Microsoft MIDI Mapper
   FileVer:    6.3.9600.16384
   ProdVer:    6.3.9600.16384

Module 10
C:\Windows\SYSTEM32\wdmaud.drv
Image Base: 0x6b750000  Image Size: 0x00034000
File Size:  187392      File Time:  2013-08-22_043626
Version:
   Company:    Microsoft Corporation
   Product:    Microsoft® Windows® Operating System
   FileDesc:   Winmm  audio system driver
   FileVer:    6.3.9600.16384
   ProdVer:    6.3.9600.16384

Module 11
C:\Windows\SYSTEM32\dbghelp.dll
Image Base: 0x6b840000  Image Size: 0x00148000
File Size:  1238016     File Time:  2014-01-27_190036
Version:
   Company:    Microsoft Corporation
   Product:    Microsoft® Windows® Operating System
   FileDesc:   Windows Image Helper
   FileVer:    6.3.9600.16520
   ProdVer:    6.3.9600.16520

Module 12
C:\Windows\SYSTEM32\msacm32.drv
Image Base: 0x6ba90000  Image Size: 0x00009000
File Size:  22016       File Time:  2013-08-22_055914
Version:
   Company:    Microsoft Corporation
   Product:    Microsoft® Windows® Operating System
   FileDesc:   Microsoft Sound Mapper
   FileVer:    6.3.9600.16384
   ProdVer:    6.3.9600.16384

Module 13
C:\Windows\SYSTEM32\d3d11.dll
Image Base: 0x714a0000  Image Size: 0x001af000
File Size:  1779800     File Time:  2014-03-06_131314
Version:
   Company:    Microsoft Corporation
   Product:    Microsoft® Windows® Operating System
   FileDesc:   Direct3D 11 Runtime
   FileVer:    6.3.9600.17041
   ProdVer:    6.3.9600.17041

Module 14
C:\Windows\SYSTEM32\dxgi.dll
Image Base: 0x717d0000  Image Size: 0x00062000
File Size:  406912      File Time:  2014-03-06_131314
Version:
   Company:    Microsoft Corporation
   Product:    Microsoft® Windows® Operating System
   FileDesc:   DirectX Graphics Infrastructure
   FileVer:    6.3.9600.17041
   ProdVer:    6.3.9600.17041

Module 15
C:\Windows\SYSTEM32\HID.DLL
Image Base: 0x71b00000  Image Size: 0x0000a000
File Size:  25600       File Time:  2013-08-22_045446
Version:
   Company:    Microsoft Corporation
   Product:    Microsoft® Windows® Operating System
   FileDesc:   Hid User Library
   FileVer:    6.3.9600.16384
   ProdVer:    6.3.9600.16384

Module 16
C:\Windows\system32\apphelp.dll
Image Base: 0x71b60000  Image Size: 0x00099000
File Size:  617472      File Time:  2014-02-22_131626
Version:
   Company:    Microsoft Corporation
   Product:    Microsoft® Windows® Operating System
   FileDesc:   Application Compatibility Client Library
   FileVer:    6.3.9600.17031
   ProdVer:    6.3.9600.17031

Module 17
C:\Windows\SYSTEM32\dsound.dll
Image Base: 0x71d00000  Image Size: 0x00079000
File Size:  485888      File Time:  2013-08-22_055040
Version:
   Company:    Microsoft Corporation
   Product:    Microsoft® Windows® Operating System
   FileDesc:   DirectSound
   FileVer:    6.3.9600.16384
   ProdVer:    6.3.9600.16384

Module 18
C:\Windows\SYSTEM32\AUDIOSES.DLL
Image Base: 0x71db0000  Image Size: 0x00055000
File Size:  326024      File Time:  2014-03-06_123548
Version:
   Company:    Microsoft Corporation
   Product:    Microsoft® Windows® Operating System
   FileDesc:   Audio Session
   FileVer:    6.3.9600.17041
   ProdVer:    6.3.9600.17041

Module 19
C:\Windows\SYSTEM32\MMDevAPI.DLL
Image Base: 0x71e10000  Image Size: 0x0004a000
File Size:  296448      File Time:  2014-02-22_160448
Version:
   Company:    Microsoft Corporation
   Product:    Microsoft® Windows® Operating System
   FileDesc:   MMDevice API
   FileVer:    6.3.9600.17031
   ProdVer:    6.3.9600.17031

Module 20
C:\Windows\SYSTEM32\DCIMAN32.dll
Image Base: 0x72470000  Image Size: 0x00007000
File Size:  11264       File Time:  2013-08-22_060606
Version:
   Company:    Microsoft Corporation
   Product:    Microsoft® Windows® Operating System
   FileDesc:   DCI Manager
   FileVer:    6.3.9600.16384
   ProdVer:    6.3.9600.16384

Module 21
C:\Windows\SYSTEM32\DDRAW.dll
Image Base: 0x72480000  Image Size: 0x000e7000
File Size:  527872      File Time:  2013-08-22_043332
Version:
   Company:    Microsoft Corporation
   Product:    Microsoft® Windows® Operating System
   FileDesc:   Microsoft DirectDraw
   FileVer:    6.3.9600.16384
   ProdVer:    6.3.9600.16384

Module 22
C:\Windows\SYSTEM32\GLU32.dll
Image Base: 0x72570000  Image Size: 0x00024000
File Size:  136704      File Time:  2013-08-22_060600
Version:
   Company:    Microsoft Corporation
   Product:    Microsoft® Windows® Operating System
   FileDesc:   OpenGL Utility Library DLL
   FileVer:    6.3.9600.16384
   ProdVer:    6.3.9600.16384

Module 23
C:\Windows\SYSTEM32\OPENGL32.dll
Image Base: 0x725a0000  Image Size: 0x000d4000
File Size:  737280      File Time:  2013-08-22_060322
Version:
   Company:    Microsoft Corporation
   Product:    Microsoft® Windows® Operating System
   FileDesc:   OpenGL Client DLL
   FileVer:    6.3.9600.16384
   ProdVer:    6.3.9600.16384

Module 24
C:\Windows\SYSTEM32\ksuser.dll
Image Base: 0x728c0000  Image Size: 0x00007000
File Size:  18616       File Time:  2013-08-22_071914
Version:
   Company:    Microsoft Corporation
   Product:    Microsoft® Windows® Operating System
   FileDesc:   User CSA Library
   FileVer:    6.3.9600.16384
   ProdVer:    6.3.9600.16384

Module 25
C:\Windows\SYSTEM32\nvapi.dll
Image Base: 0x72ea0000  Image Size: 0x002bb000
File Size:  2715264     File Time:  2014-03-04_163524
Version:
   Company:    NVIDIA Corporation
   Product:    NVIDIA Windows drivers
   FileDesc:   NVIDIA NVAPI Library, Version 335.23 
   FileVer:    9.18.13.3523
   ProdVer:    9.18.13.3523

Module 26
C:\Windows\SYSTEM32\DNSAPI.dll
Image Base: 0x731d0000  Image Size: 0x0007c000
File Size:  494592      File Time:  2014-03-04_084242
Version:
   Company:    Microsoft Corporation
   Product:    Microsoft® Windows® Operating System
   FileDesc:   DNS Client API DLL
   FileVer:    6.3.9600.17039
   ProdVer:    6.3.9600.17039

Module 27
C:\Windows\SYSTEM32\powrprof.dll
Image Base: 0x73290000  Image Size: 0x0003e000
File Size:  251504      File Time:  2014-02-22_165202
Version:
   Company:    Microsoft Corporation
   Product:    Microsoft® Windows® Operating System
   FileDesc:   Power Profile Helper DLL
   FileVer:    6.3.9600.17031
   ProdVer:    6.3.9600.17031

Module 28
C:\Windows\SYSTEM32\AVRT.dll
Image Base: 0x73410000  Image Size: 0x00009000
File Size:  30464       File Time:  2013-08-22_072500
Version:
   Company:    Microsoft Corporation
   Product:    Microsoft® Windows® Operating System
   FileDesc:   Multimedia Realtime Runtime
   FileVer:    6.3.9600.16384
   ProdVer:    6.3.9600.16384

Module 29
C:\Windows\SYSTEM32\MSACM32.dll
Image Base: 0x73420000  Image Size: 0x00015000
File Size:  86192       File Time:  2013-08-22_071924
Version:
   Company:    Microsoft Corporation
   Product:    Microsoft® Windows® Operating System
   FileDesc:   Microsoft ACM Audio Filter
   FileVer:    6.3.9600.16384
   ProdVer:    6.3.9600.16384

Module 30
C:\Windows\SYSTEM32\d3d9.dll
Image Base: 0x73490000  Image Size: 0x001b8000
File Size:  1799944     File Time:  2013-09-14_143924
Version:
   Company:    Microsoft Corporation
   Product:    Microsoft® Windows® Operating System
   FileDesc:   Direct3D 9 Runtime
   FileVer:    6.3.9600.16404
   ProdVer:    6.3.9600.16404

Module 31
C:\Windows\system32\dwmapi.dll
Image Base: 0x737f0000  Image Size: 0x00018000
File Size:  98072       File Time:  2014-02-22_164212
Version:
   Company:    Microsoft Corporation
   Product:    Microsoft® Windows® Operating System
   FileDesc:   Microsoft Desktop Window Manager API
   FileVer:    6.3.9600.17031
   ProdVer:    6.3.9600.17031

Module 32
C:\Windows\system32\uxtheme.dll
Image Base: 0x73810000  Image Size: 0x000db000
File Size:  876544      File Time:  2014-02-22_105344
Version:
   Company:    Microsoft Corporation
   Product:    Microsoft® Windows® Operating System
   FileDesc:   Microsoft UxTheme Library
   FileVer:    6.3.9600.17031
   ProdVer:    6.3.9600.17031

Module 33
C:\Windows\SYSTEM32\MSWSOCK.dll
Image Base: 0x73980000  Image Size: 0x00045000
File Size:  270848      File Time:  2013-08-22_045526
Version:
   Company:    Microsoft Corporation
   Product:    Microsoft® Windows® Operating System
   FileDesc:   Microsoft Windows Sockets 2.0 Service Provider
   FileVer:    6.3.9600.16384
   ProdVer:    6.3.9600.16384

Module 34
C:\Windows\SYSTEM32\kernel.appcore.dll
Image Base: 0x739d0000  Image Size: 0x00009000
File Size:  29952       File Time:  2013-08-22_073142
Version:
   Company:    Microsoft Corporation
   Product:    Microsoft® Windows® Operating System
   FileDesc:   AppModel API Host
   FileVer:    6.3.9600.16384
   ProdVer:    6.3.9600.16384

Module 35
C:\Windows\SYSTEM32\WINNSI.DLL
Image Base: 0x73bd0000  Image Size: 0x00008000
File Size:  25824       File Time:  2013-08-22_152538
Version:
   Company:    Microsoft Corporation
   Product:    Microsoft® Windows® Operating System
   FileDesc:   Network Store Information RPC interface
   FileVer:    6.3.9600.16384
   ProdVer:    6.3.9600.16384

Module 36
C:\Windows\SYSTEM32\IPHLPAPI.DLL
Image Base: 0x73be0000  Image Size: 0x0001e000
File Size:  118776      File Time:  2013-08-22_071754
Version:
   Company:    Microsoft Corporation
   Product:    Microsoft® Windows® Operating System
   FileDesc:   IP Helper API
   FileVer:    6.3.9600.16384
   ProdVer:    6.3.9600.16384

Module 37
C:\Windows\SYSTEM32\WINMMBASE.dll
Image Base: 0x74260000  Image Size: 0x00020000
File Size:  128064      File Time:  2013-08-22_071924
Version:
   Company:    Microsoft Corporation
   Product:    Microsoft® Windows® Operating System
   FileDesc:   Base Multimedia Extension API DLL
   FileVer:    6.3.9600.16384
   ProdVer:    6.3.9600.16384

Module 38
C:\Windows\SYSTEM32\WINMM.dll
Image Base: 0x745b0000  Image Size: 0x00020000
File Size:  128576      File Time:  2013-08-22_071924
Version:
   Company:    Microsoft Corporation
   Product:    Microsoft® Windows® Operating System
   FileDesc:   MCI API DLL
   FileVer:    6.3.9600.16384
   ProdVer:    6.3.9600.16384

Module 39
C:\Windows\SYSTEM32\shcore.dll
Image Base: 0x74f10000  Image Size: 0x00076000
File Size:  477744      File Time:  2014-02-22_161826
Version:
   Company:    Microsoft Corporation
   Product:    Microsoft® Windows® Operating System
   FileDesc:   SHCORE
   FileVer:    6.3.9600.17031
   ProdVer:    6.3.9600.17031

Module 40
C:\Windows\SYSTEM32\WINHTTP.dll
Image Base: 0x751c0000  Image Size: 0x00094000
File Size:  589312      File Time:  2013-08-22_043910
Version:
   Company:    Microsoft Corporation
   Product:    Microsoft® Windows® Operating System
   FileDesc:   Windows HTTP Services
   FileVer:    6.3.9600.16384
   ProdVer:    6.3.9600.16384

Module 41
C:\Windows\SYSTEM32\ntmarta.dll
Image Base: 0x75500000  Image Size: 0x00025000
File Size:  147152      File Time:  2013-08-22_072930
Version:
   Company:    Microsoft Corporation
   Product:    Microsoft® Windows® Operating System
   FileDesc:   Windows NT MARTA provider
   FileVer:    6.3.9600.16384
   ProdVer:    6.3.9600.16384

Module 42
C:\Windows\SYSTEM32\DEVOBJ.dll
Image Base: 0x75560000  Image Size: 0x0001f000
File Size:  123416      File Time:  2013-08-22_073142
Version:
   Company:    Microsoft Corporation
   Product:    Microsoft® Windows® Operating System
   FileDesc:   Device Information Set DLL
   FileVer:    6.3.9600.16384
   ProdVer:    6.3.9600.16384

Module 43
C:\Windows\SYSTEM32\VERSION.dll
Image Base: 0x755e0000  Image Size: 0x00008000
File Size:  25824       File Time:  2013-08-22_072540
Version:
   Company:    Microsoft Corporation
   Product:    Microsoft® Windows® Operating System
   FileDesc:   Version Checking and File Installation Libraries
   FileVer:    6.3.9600.16384
   ProdVer:    6.3.9600.16384

Module 44
C:\Windows\SYSTEM32\bcryptPrimitives.dll
Image Base: 0x755f0000  Image Size: 0x00053000
File Size:  336232      File Time:  2014-02-22_163822
Version:
   Company:    Microsoft Corporation
   Product:    Microsoft® Windows® Operating System
   FileDesc:   Windows Cryptographic Primitives Library
   FileVer:    6.3.9600.17031
   ProdVer:    6.3.9600.17031

Module 45
C:\Windows\SYSTEM32\CRYPTBASE.dll
Image Base: 0x75650000  Image Size: 0x00009000
File Size:  30472       File Time:  2013-08-22_071756
Version:
   Company:    Microsoft Corporation
   Product:    Microsoft® Windows® Operating System
   FileDesc:   Base cryptographic API DLL
   FileVer:    6.3.9600.16384
   ProdVer:    6.3.9600.16384

Module 46
C:\Windows\SYSTEM32\SspiCli.dll
Image Base: 0x75660000  Image Size: 0x0001d000
File Size:  101376      File Time:  2013-09-21_073732
Version:
   Company:    Microsoft Corporation
   Product:    Microsoft® Windows® Operating System
   FileDesc:   Security Support Provider Interface
   FileVer:    6.3.9600.16408
   ProdVer:    6.3.9600.16408

Module 47
C:\Windows\SYSTEM32\NSI.dll
Image Base: 0x75770000  Image Size: 0x00007000
File Size:  19640       File Time:  2013-08-22_152538
Version:
   Company:    Microsoft Corporation
   Product:    Microsoft® Windows® Operating System
   FileDesc:   NSI User-mode interface DLL
   FileVer:    6.3.9600.16384
   ProdVer:    6.3.9600.16384

Module 48
C:\Windows\SYSTEM32\MSASN1.dll
Image Base: 0x75780000  Image Size: 0x0000e000
File Size:  50616       File Time:  2013-08-22_072930
Version:
   Company:    Microsoft Corporation
   Product:    Microsoft® Windows® Operating System
   FileDesc:   ASN.1 Runtime APIs
   FileVer:    6.3.9600.16384
   ProdVer:    6.3.9600.16384

Module 49
C:\Windows\SYSTEM32\CRYPT32.dll
Image Base: 0x75790000  Image Size: 0x0017f000
File Size:  1581968     File Time:  2013-10-16_155418
Version:
   Company:    Microsoft Corporation
   Product:    Microsoft® Windows® Operating System
   FileDesc:   Crypto API32
   FileVer:    6.3.9600.16431
   ProdVer:    6.3.9600.16431

Module 50
C:\Windows\SYSTEM32\MSCTF.dll
Image Base: 0x75960000  Image Size: 0x000f7000
File Size:  1017936     File Time:  2014-02-22_164214
Version:
   Company:    Microsoft Corporation
   Product:    Microsoft® Windows® Operating System
   FileDesc:   MSCTF Server DLL
   FileVer:    6.3.9600.17031
   ProdVer:    6.3.9600.17031

Module 51
C:\Windows\SYSTEM32\RPCRT4.dll
Image Base: 0x75aa0000  Image Size: 0x000b1000
File Size:  711168      File Time:  2013-08-22_045652
Version:
   Company:    Microsoft Corporation
   Product:    Microsoft® Windows® Operating System
   FileDesc:   Remote Procedure Call Runtime
   FileVer:    6.3.9600.16384
   ProdVer:    6.3.9600.16384

Module 52
C:\Windows\SYSTEM32\msvcrt.dll
Image Base: 0x75cb0000  Image Size: 0x000be000
File Size:  780408      File Time:  2013-08-22_072104
Version:
   Company:    Microsoft Corporation
   Product:    Microsoft® Windows® Operating System
   FileDesc:   Windows NT CRT DLL
   FileVer:    7.0.9600.16384
   ProdVer:    6.1.8638.16384

Module 53
C:\Windows\SYSTEM32\SHLWAPI.dll
Image Base: 0x75d70000  Image Size: 0x00041000
File Size:  263872      File Time:  2013-08-22_072538
Version:
   Company:    Microsoft Corporation
   Product:    Microsoft® Windows® Operating System
   FileDesc:   Shell Light-weight Utility Library
   FileVer:    6.3.9600.16384
   ProdVer:    6.3.9600.16384

Module 54
C:\Windows\SYSTEM32\cfgmgr32.dll
Image Base: 0x75dc0000  Image Size: 0x0003a000
File Size:  237032      File Time:  2013-08-22_073142
Version:
   Company:    Microsoft Corporation
   Product:    Microsoft® Windows® Operating System
   FileDesc:   Configuration Manager DLL
   FileVer:    6.3.9600.16384
   ProdVer:    6.3.9600.16384

Module 55
C:\Windows\SYSTEM32\combase.dll
Image Base: 0x75e00000  Image Size: 0x0014e000
File Size:  1374384     File Time:  2014-02-22_163808
Version:
   Company:    Microsoft Corporation
   Product:    Microsoft® Windows® Operating System
   FileDesc:   Microsoft COM for Windows
   FileVer:    6.3.9600.17031
   ProdVer:    6.3.9600.17031

Module 56
C:\Windows\SYSTEM32\USER32.dll
Image Base: 0x75f50000  Image Size: 0x0014f000
File Size:  1361408     File Time:  2014-02-22_112546
Version:
   Company:    Microsoft Corporation
   Product:    Microsoft® Windows® Operating System
   FileDesc:   Multi-User Windows USER API Client DLL
   FileVer:    6.3.9600.17031
   ProdVer:    6.3.9600.17031

Module 57
C:\Windows\SYSTEM32\ADVAPI32.dll
Image Base: 0x760a0000  Image Size: 0x00078000
File Size:  490136      File Time:  2014-02-22_161126
Version:
   Company:    Microsoft Corporation
   Product:    Microsoft® Windows® Operating System
   FileDesc:   Advanced Windows 32 Base API
   FileVer:    6.3.9600.17031
   ProdVer:    6.3.9600.17031

Module 58
C:\Windows\SYSTEM32\KERNELBASE.dll
Image Base: 0x76120000  Image Size: 0x000cf000
File Size:  836096      File Time:  2014-03-19_091346
Version:
   Company:    Microsoft Corporation
   Product:    Microsoft® Windows® Operating System
   FileDesc:   Windows NT BASE API Client DLL
   FileVer:    6.3.9600.17055
   ProdVer:    6.3.9600.17055

Module 59
C:\Windows\SYSTEM32\IMM32.dll
Image Base: 0x76210000  Image Size: 0x00025000
File Size:  137728      File Time:  2014-02-22_131540
Version:
   Company:    Microsoft Corporation
   Product:    Microsoft® Windows® Operating System
   FileDesc:   Multi-User Windows IMM32 API Client DLL
   FileVer:    6.3.9600.17031
   ProdVer:    6.3.9600.17031

Module 60
C:\Windows\SYSTEM32\OLEAUT32.dll
Image Base: 0x76240000  Image Size: 0x00087000
File Size:  552632      File Time:  2014-01-08_023354
Version:
   Company:    Microsoft Corporation
   Product:    
   FileDesc:   
   FileVer:    6.3.9600.16506
   ProdVer:    6.3.9600.16506

Module 61
C:\Windows\SYSTEM32\SETUPAPI.dll
Image Base: 0x762d0000  Image Size: 0x001ad000
File Size:  1767440     File Time:  2014-02-22_165204
Version:
   Company:    Microsoft Corporation
   Product:    Microsoft® Windows® Operating System
   FileDesc:   Windows Setup API
   FileVer:    6.3.9600.17031
   ProdVer:    6.3.9600.17031

Module 62
C:\Windows\SYSTEM32\GDI32.dll
Image Base: 0x76480000  Image Size: 0x00108000
File Size:  1066496     File Time:  2014-03-08_085056
Version:
   Company:    Microsoft Corporation
   Product:    Microsoft® Windows® Operating System
   FileDesc:   GDI Client DLL
   FileVer:    6.3.9600.17042
   ProdVer:    6.3.9600.17042

Module 63
C:\Windows\SYSTEM32\WS2_32.dll
Image Base: 0x76590000  Image Size: 0x0004d000
File Size:  313488      File Time:  2013-08-22_071756
Version:
   Company:    Microsoft Corporation
   Product:    Microsoft® Windows® Operating System
   FileDesc:   Windows Socket 2.0 32-Bit DLL
   FileVer:    6.3.9600.16384
   ProdVer:    6.3.9600.16384

Module 64
C:\Windows\SYSTEM32\sechost.dll
Image Base: 0x765e0000  Image Size: 0x0003e000
File Size:  252024      File Time:  2013-08-22_071756
Version:
   Company:    Microsoft Corporation
   Product:    Microsoft® Windows® Operating System
   FileDesc:   Host for SCM/SDDL/LSA Lookup APIs
   FileVer:    6.3.9600.16384
   ProdVer:    6.3.9600.16384

Module 65
C:\Windows\SYSTEM32\clbcatq.dll
Image Base: 0x76620000  Image Size: 0x0007d000
File Size:  508680      File Time:  2013-08-22_072144
Version:
   Company:    Microsoft Corporation
   Product:    Microsoft® Windows® Operating System
   FileDesc:   COM+ Configuration Catalog
   FileVer:    2001.12.10530.16384
   ProdVer:    6.3.9600.16384

Module 66
C:\Windows\SYSTEM32\ole32.dll
Image Base: 0x766c0000  Image Size: 0x0010c000
File Size:  1095488     File Time:  2014-03-08_133454
Version:
   Company:    Microsoft Corporation
   Product:    Microsoft® Windows® Operating System
   FileDesc:   Microsoft OLE for Windows
   FileVer:    6.3.9600.17042
   ProdVer:    6.3.9600.17042

Module 67
C:\Windows\SYSTEM32\KERNEL32.DLL
Image Base: 0x76860000  Image Size: 0x00140000
File Size:  1036288     File Time:  2014-03-20_015526
Version:
   Company:    Microsoft Corporation
   Product:    Microsoft® Windows® Operating System
   FileDesc:   Windows NT BASE API Client DLL
   FileVer:    6.3.9600.17056
   ProdVer:    6.3.9600.17056

Module 68
C:\Windows\SYSTEM32\SHELL32.dll
Image Base: 0x769a0000  Image Size: 0x011ad000
File Size:  18679728    File Time:  2014-03-27_094830
Version:
   Company:    Microsoft Corporation
   Product:    Microsoft® Windows® Operating System
   FileDesc:   Windows Shell Common Dll
   FileVer:    6.3.9600.17083
   ProdVer:    6.3.9600.17083

Module 69
C:\Windows\SYSTEM32\PSAPI.DLL
Image Base: 0x77b50000  Image Size: 0x00006000
File Size:  16024       File Time:  2013-08-22_073142
Version:
   Company:    Microsoft Corporation
   Product:    Microsoft® Windows® Operating System
   FileDesc:   Process Status Helper
   FileVer:    6.3.9600.16384
   ProdVer:    6.3.9600.16384

Module 70
C:\Windows\SYSTEM32\ntdll.dll
Image Base: 0x77c30000  Image Size: 0x00168000
File Size:  1474104     File Time:  2014-02-22_160854
Version:
   Company:    Microsoft Corporation
   Product:    Microsoft® Windows® Operating System
   FileDesc:   NT Layer DLL
   FileVer:    6.3.9600.17031
   ProdVer:    6.3.9600.17031


== [end of error.log] ==
