D:\DOCUMENTS\PERSO\PROJECTS\UNITY\UNITYPLUGINS\SPOUTPLUGIN\NATIVESPOUTPLUGIN\NATIVESPOUTPLUGIN\DEBUG\SPOUTDIRECTX.OBJ
D:\DOCUMENTS\PERSO\PROJECTS\UNITY\UNITYPLUGINS\SPOUTPLUGIN\NATIVESPOUTPLUGIN\NATIVESPOUTPLUGIN\DEBUG\SPOUTGLEXT.OBJ
D:\DOCUMENTS\PERSO\PROJECTS\UNITY\UNITYPLUGINS\SPOUTPLUGIN\NATIVESPOUTPLUGIN\NATIVESPOUTPLUGIN\DEBUG\SPOUTINTEROP.OBJ
D:\DOCUMENTS\PERSO\PROJECTS\UNITY\UNITYPLUGINS\SPOUTPLUGIN\NATIVESPOUTPLUGIN\NATIVESPOUTPLUGIN\DEBUG\SPOUTMAP.OBJ
D:\DOCUMENTS\PERSO\PROJECTS\UNITY\UNITYPLUGINS\SPOUTPLUGIN\NATIVESPOUTPLUGIN\NATIVESPOUTPLUGIN\DEBUG\SPOUTSENDERS.OBJ
D:\DOCUMENTS\PERSO\PROJECTS\UNITY\UNITYPLUGINS\SPOUTPLUGIN\NATIVESPOUTPLUGIN\NATIVESPOUTPLUGIN\DEBUG\NATIVESPOUTPLUGIN.OBJ
D:\DOCUMENTS\PERSO\PROJECTS\UNITY\UNITYPLUGINS\SPOUTPLUGIN\NATIVESPOUTPLUGIN\NATIVESPOUTPLUGIN\DEBUG\VC110.PDB
D:\DOCUMENTS\PERSO\PROJECTS\UNITY\UNITYPLUGINS\SPOUTPLUGIN\NATIVESPOUTPLUGIN\NATIVESPOUTPLUGIN\DEBUG\DLLMAIN.OBJ
D:\DOCUMENTS\PERSO\PROJECTS\UNITY\UNITYPLUGINS\SPOUTPLUGIN\NATIVESPOUTPLUGIN\NATIVESPOUTPLUGIN\DEBUG\NATIVESPOUTPLUGIN.ILK
D:\DOCUMENTS\PERSO\PROJECTS\UNITY\UNITYPLUGINS\SPOUTPLUGIN\NATIVESPOUTPLUGIN\NATIVESPOUTPLUGIN\DEBUG\NATIVESPOUTPLUGIN.DLL
D:\DOCUMENTS\PERSO\PROJECTS\UNITY\UNITYPLUGINS\SPOUTPLUGIN\NATIVESPOUTPLUGIN\NATIVESPOUTPLUGIN\DEBUG\NATIVESPOUTPLUGIN.PDB
D:\Documents\Perso\Projects\Unity\UnityPlugins\SpoutPlugin\NativeSpoutPlugin\NativeSpoutPlugin\Debug\NativeSpoutPlugin.lib
D:\Documents\Perso\Projects\Unity\UnityPlugins\SpoutPlugin\NativeSpoutPlugin\NativeSpoutPlugin\Debug\NativeSpoutPlugin.exp
D:\Documents\Perso\Projects\Unity\UnityPlugins\SpoutPlugin\NativeSpoutPlugin\NativeSpoutPlugin\Debug\dllmain.obj
D:\Documents\Perso\Projects\Unity\UnityPlugins\SpoutPlugin\NativeSpoutPlugin\NativeSpoutPlugin\Debug\NativeSpoutPlugin.obj
D:\Documents\Perso\Projects\Unity\UnityPlugins\SpoutPlugin\NativeSpoutPlugin\NativeSpoutPlugin\Debug\spoutDirectX.obj
D:\Documents\Perso\Projects\Unity\UnityPlugins\SpoutPlugin\NativeSpoutPlugin\NativeSpoutPlugin\Debug\spoutGLext.obj
D:\Documents\Perso\Projects\Unity\UnityPlugins\SpoutPlugin\NativeSpoutPlugin\NativeSpoutPlugin\Debug\spoutInterop.obj
D:\Documents\Perso\Projects\Unity\UnityPlugins\SpoutPlugin\NativeSpoutPlugin\NativeSpoutPlugin\Debug\spoutMap.obj
D:\Documents\Perso\Projects\Unity\UnityPlugins\SpoutPlugin\NativeSpoutPlugin\NativeSpoutPlugin\Debug\spoutSenders.obj
D:\Documents\Perso\Projects\Unity\UnityPlugins\SpoutPlugin\NativeSpoutPlugin\NativeSpoutPlugin\Debug\NativeSpoutPlugin.ilk
D:\Documents\Perso\Projects\Unity\UnityPlugins\SpoutPlugin\NativeSpoutPlugin\NativeSpoutPlugin\Debug\cl.command.1.tlog
D:\Documents\Perso\Projects\Unity\UnityPlugins\SpoutPlugin\NativeSpoutPlugin\NativeSpoutPlugin\Debug\CL.read.1.tlog
D:\Documents\Perso\Projects\Unity\UnityPlugins\SpoutPlugin\NativeSpoutPlugin\NativeSpoutPlugin\Debug\CL.write.1.tlog
D:\Documents\Perso\Projects\Unity\UnityPlugins\SpoutPlugin\NativeSpoutPlugin\NativeSpoutPlugin\Debug\link-cvtres.read.1.tlog
D:\Documents\Perso\Projects\Unity\UnityPlugins\SpoutPlugin\NativeSpoutPlugin\NativeSpoutPlugin\Debug\link-cvtres.write.1.tlog
D:\Documents\Perso\Projects\Unity\UnityPlugins\SpoutPlugin\NativeSpoutPlugin\NativeSpoutPlugin\Debug\link-rc.read.1.tlog
D:\Documents\Perso\Projects\Unity\UnityPlugins\SpoutPlugin\NativeSpoutPlugin\NativeSpoutPlugin\Debug\link-rc.write.1.tlog
D:\Documents\Perso\Projects\Unity\UnityPlugins\SpoutPlugin\NativeSpoutPlugin\NativeSpoutPlugin\Debug\link.1180-cvtres.read.1.tlog
D:\Documents\Perso\Projects\Unity\UnityPlugins\SpoutPlugin\NativeSpoutPlugin\NativeSpoutPlugin\Debug\link.1180-cvtres.write.1.tlog
D:\Documents\Perso\Projects\Unity\UnityPlugins\SpoutPlugin\NativeSpoutPlugin\NativeSpoutPlugin\Debug\link.1180-rc.read.1.tlog
D:\Documents\Perso\Projects\Unity\UnityPlugins\SpoutPlugin\NativeSpoutPlugin\NativeSpoutPlugin\Debug\link.1180-rc.write.1.tlog
D:\Documents\Perso\Projects\Unity\UnityPlugins\SpoutPlugin\NativeSpoutPlugin\NativeSpoutPlugin\Debug\link.1180.read.1.tlog
D:\Documents\Perso\Projects\Unity\UnityPlugins\SpoutPlugin\NativeSpoutPlugin\NativeSpoutPlugin\Debug\link.1180.write.1.tlog
D:\Documents\Perso\Projects\Unity\UnityPlugins\SpoutPlugin\NativeSpoutPlugin\NativeSpoutPlugin\Debug\link.2628-cvtres.read.1.tlog
D:\Documents\Perso\Projects\Unity\UnityPlugins\SpoutPlugin\NativeSpoutPlugin\NativeSpoutPlugin\Debug\link.2628-cvtres.write.1.tlog
D:\Documents\Perso\Projects\Unity\UnityPlugins\SpoutPlugin\NativeSpoutPlugin\NativeSpoutPlugin\Debug\link.2628-rc.read.1.tlog
D:\Documents\Perso\Projects\Unity\UnityPlugins\SpoutPlugin\NativeSpoutPlugin\NativeSpoutPlugin\Debug\link.2628-rc.write.1.tlog
D:\Documents\Perso\Projects\Unity\UnityPlugins\SpoutPlugin\NativeSpoutPlugin\NativeSpoutPlugin\Debug\link.2628.read.1.tlog
D:\Documents\Perso\Projects\Unity\UnityPlugins\SpoutPlugin\NativeSpoutPlugin\NativeSpoutPlugin\Debug\link.2628.write.1.tlog
D:\Documents\Perso\Projects\Unity\UnityPlugins\SpoutPlugin\NativeSpoutPlugin\NativeSpoutPlugin\Debug\link.4816-cvtres.read.1.tlog
D:\Documents\Perso\Projects\Unity\UnityPlugins\SpoutPlugin\NativeSpoutPlugin\NativeSpoutPlugin\Debug\link.4816-cvtres.write.1.tlog
D:\Documents\Perso\Projects\Unity\UnityPlugins\SpoutPlugin\NativeSpoutPlugin\NativeSpoutPlugin\Debug\link.4816-rc.read.1.tlog
D:\Documents\Perso\Projects\Unity\UnityPlugins\SpoutPlugin\NativeSpoutPlugin\NativeSpoutPlugin\Debug\link.4816-rc.write.1.tlog
D:\Documents\Perso\Projects\Unity\UnityPlugins\SpoutPlugin\NativeSpoutPlugin\NativeSpoutPlugin\Debug\link.4816.read.1.tlog
D:\Documents\Perso\Projects\Unity\UnityPlugins\SpoutPlugin\NativeSpoutPlugin\NativeSpoutPlugin\Debug\link.4816.write.1.tlog
D:\Documents\Perso\Projects\Unity\UnityPlugins\SpoutPlugin\NativeSpoutPlugin\NativeSpoutPlugin\Debug\link.5636-cvtres.read.1.tlog
D:\Documents\Perso\Projects\Unity\UnityPlugins\SpoutPlugin\NativeSpoutPlugin\NativeSpoutPlugin\Debug\link.5636-cvtres.write.1.tlog
D:\Documents\Perso\Projects\Unity\UnityPlugins\SpoutPlugin\NativeSpoutPlugin\NativeSpoutPlugin\Debug\link.5636-rc.read.1.tlog
D:\Documents\Perso\Projects\Unity\UnityPlugins\SpoutPlugin\NativeSpoutPlugin\NativeSpoutPlugin\Debug\link.5636-rc.write.1.tlog
D:\Documents\Perso\Projects\Unity\UnityPlugins\SpoutPlugin\NativeSpoutPlugin\NativeSpoutPlugin\Debug\link.5636.read.1.tlog
D:\Documents\Perso\Projects\Unity\UnityPlugins\SpoutPlugin\NativeSpoutPlugin\NativeSpoutPlugin\Debug\link.5636.write.1.tlog
D:\Documents\Perso\Projects\Unity\UnityPlugins\SpoutPlugin\NativeSpoutPlugin\NativeSpoutPlugin\Debug\link.6480-cvtres.read.1.tlog
D:\Documents\Perso\Projects\Unity\UnityPlugins\SpoutPlugin\NativeSpoutPlugin\NativeSpoutPlugin\Debug\link.6480-cvtres.write.1.tlog
D:\Documents\Perso\Projects\Unity\UnityPlugins\SpoutPlugin\NativeSpoutPlugin\NativeSpoutPlugin\Debug\link.6480-rc.read.1.tlog
D:\Documents\Perso\Projects\Unity\UnityPlugins\SpoutPlugin\NativeSpoutPlugin\NativeSpoutPlugin\Debug\link.6480-rc.write.1.tlog
D:\Documents\Perso\Projects\Unity\UnityPlugins\SpoutPlugin\NativeSpoutPlugin\NativeSpoutPlugin\Debug\link.6480.read.1.tlog
D:\Documents\Perso\Projects\Unity\UnityPlugins\SpoutPlugin\NativeSpoutPlugin\NativeSpoutPlugin\Debug\link.6480.write.1.tlog
D:\Documents\Perso\Projects\Unity\UnityPlugins\SpoutPlugin\NativeSpoutPlugin\NativeSpoutPlugin\Debug\link.6744-cvtres.read.1.tlog
D:\Documents\Perso\Projects\Unity\UnityPlugins\SpoutPlugin\NativeSpoutPlugin\NativeSpoutPlugin\Debug\link.6744-cvtres.write.1.tlog
D:\Documents\Perso\Projects\Unity\UnityPlugins\SpoutPlugin\NativeSpoutPlugin\NativeSpoutPlugin\Debug\link.6744-rc.read.1.tlog
D:\Documents\Perso\Projects\Unity\UnityPlugins\SpoutPlugin\NativeSpoutPlugin\NativeSpoutPlugin\Debug\link.6744-rc.write.1.tlog
D:\Documents\Perso\Projects\Unity\UnityPlugins\SpoutPlugin\NativeSpoutPlugin\NativeSpoutPlugin\Debug\link.6744.read.1.tlog
D:\Documents\Perso\Projects\Unity\UnityPlugins\SpoutPlugin\NativeSpoutPlugin\NativeSpoutPlugin\Debug\link.6744.write.1.tlog
D:\Documents\Perso\Projects\Unity\UnityPlugins\SpoutPlugin\NativeSpoutPlugin\NativeSpoutPlugin\Debug\link.7660-cvtres.read.1.tlog
D:\Documents\Perso\Projects\Unity\UnityPlugins\SpoutPlugin\NativeSpoutPlugin\NativeSpoutPlugin\Debug\link.7660-cvtres.write.1.tlog
D:\Documents\Perso\Projects\Unity\UnityPlugins\SpoutPlugin\NativeSpoutPlugin\NativeSpoutPlugin\Debug\link.7660-rc.read.1.tlog
D:\Documents\Perso\Projects\Unity\UnityPlugins\SpoutPlugin\NativeSpoutPlugin\NativeSpoutPlugin\Debug\link.7660-rc.write.1.tlog
D:\Documents\Perso\Projects\Unity\UnityPlugins\SpoutPlugin\NativeSpoutPlugin\NativeSpoutPlugin\Debug\link.7660.read.1.tlog
D:\Documents\Perso\Projects\Unity\UnityPlugins\SpoutPlugin\NativeSpoutPlugin\NativeSpoutPlugin\Debug\link.7660.write.1.tlog
D:\Documents\Perso\Projects\Unity\UnityPlugins\SpoutPlugin\NativeSpoutPlugin\NativeSpoutPlugin\Debug\link.7776-cvtres.read.1.tlog
D:\Documents\Perso\Projects\Unity\UnityPlugins\SpoutPlugin\NativeSpoutPlugin\NativeSpoutPlugin\Debug\link.7776-cvtres.write.1.tlog
D:\Documents\Perso\Projects\Unity\UnityPlugins\SpoutPlugin\NativeSpoutPlugin\NativeSpoutPlugin\Debug\link.7776-rc.read.1.tlog
D:\Documents\Perso\Projects\Unity\UnityPlugins\SpoutPlugin\NativeSpoutPlugin\NativeSpoutPlugin\Debug\link.7776-rc.write.1.tlog
D:\Documents\Perso\Projects\Unity\UnityPlugins\SpoutPlugin\NativeSpoutPlugin\NativeSpoutPlugin\Debug\link.7776.read.1.tlog
D:\Documents\Perso\Projects\Unity\UnityPlugins\SpoutPlugin\NativeSpoutPlugin\NativeSpoutPlugin\Debug\link.7776.write.1.tlog
D:\Documents\Perso\Projects\Unity\UnityPlugins\SpoutPlugin\NativeSpoutPlugin\NativeSpoutPlugin\Debug\link.7980-cvtres.read.1.tlog
D:\Documents\Perso\Projects\Unity\UnityPlugins\SpoutPlugin\NativeSpoutPlugin\NativeSpoutPlugin\Debug\link.7980-cvtres.write.1.tlog
D:\Documents\Perso\Projects\Unity\UnityPlugins\SpoutPlugin\NativeSpoutPlugin\NativeSpoutPlugin\Debug\link.7980-rc.read.1.tlog
D:\Documents\Perso\Projects\Unity\UnityPlugins\SpoutPlugin\NativeSpoutPlugin\NativeSpoutPlugin\Debug\link.7980-rc.write.1.tlog
D:\Documents\Perso\Projects\Unity\UnityPlugins\SpoutPlugin\NativeSpoutPlugin\NativeSpoutPlugin\Debug\link.7980.read.1.tlog
D:\Documents\Perso\Projects\Unity\UnityPlugins\SpoutPlugin\NativeSpoutPlugin\NativeSpoutPlugin\Debug\link.7980.write.1.tlog
D:\Documents\Perso\Projects\Unity\UnityPlugins\SpoutPlugin\NativeSpoutPlugin\NativeSpoutPlugin\Debug\link.9140-cvtres.read.1.tlog
D:\Documents\Perso\Projects\Unity\UnityPlugins\SpoutPlugin\NativeSpoutPlugin\NativeSpoutPlugin\Debug\link.9140-cvtres.write.1.tlog
D:\Documents\Perso\Projects\Unity\UnityPlugins\SpoutPlugin\NativeSpoutPlugin\NativeSpoutPlugin\Debug\link.9140-rc.read.1.tlog
D:\Documents\Perso\Projects\Unity\UnityPlugins\SpoutPlugin\NativeSpoutPlugin\NativeSpoutPlugin\Debug\link.9140-rc.write.1.tlog
D:\Documents\Perso\Projects\Unity\UnityPlugins\SpoutPlugin\NativeSpoutPlugin\NativeSpoutPlugin\Debug\link.9140.read.1.tlog
D:\Documents\Perso\Projects\Unity\UnityPlugins\SpoutPlugin\NativeSpoutPlugin\NativeSpoutPlugin\Debug\link.9140.write.1.tlog
D:\Documents\Perso\Projects\Unity\UnityPlugins\SpoutPlugin\NativeSpoutPlugin\NativeSpoutPlugin\Debug\link.command.1.tlog
D:\Documents\Perso\Projects\Unity\UnityPlugins\SpoutPlugin\NativeSpoutPlugin\NativeSpoutPlugin\Debug\link.read.1.tlog
D:\Documents\Perso\Projects\Unity\UnityPlugins\SpoutPlugin\NativeSpoutPlugin\NativeSpoutPlugin\Debug\link.write.1.tlog
D:\Documents\Perso\Projects\Unity\UnityPlugins\SpoutPlugin\NativeSpoutPlugin\NativeSpoutPlugin\Debug\NativeSpoutPlugin.write.1.tlog
D:\Documents\Perso\Projects\Unity\UnityPlugins\SpoutPlugin\NativeSpoutPlugin\NativeSpoutPlugin\Debug\vc110.idb
D:\Documents\Perso\Projects\Unity\UnityPlugins\SpoutPlugin\NativeSpoutPlugin\NativeSpoutPlugin\Debug\NativeSpoutPlugin.pdb
D:\Documents\Perso\Projects\Unity\UnityPlugins\SpoutPlugin\NativeSpoutPlugin\NativeSpoutPlugin\Debug\vc110.pdb
D:\Documents\Perso\Projects\Unity\UnityPlugins\SpoutPlugin\NativeSpoutPlugin\NativeSpoutPlugin\Debug\NativeSpoutPlugin.dll
